<?xml version="1.0" encoding="UTF-8"?>
<!-- Generated by org.testng.reporters.JUnitReportReporter -->
<testsuite hostname="3I-PC0CF90C" failures="0" tests="1" name="Stepdefination.TC01_Login" time="50.203" errors="0" timestamp="2023-09-27T11:23:41 IST" skipped="0">
  <testcase classname="Stepdefination.TC01_Login" name="signup" time="50.203"/>
</testsuite> <!-- Stepdefination.TC01_Login -->
