<?xml version="1.0" encoding="UTF-8"?>
<!-- Generated by org.testng.reporters.JUnitReportReporter -->
<testsuite hostname="3I-PC0CF90C" failures="0" tests="1" name="Stepdefination.TC03_IL_Loan_Origination_Flow" time="76.567" errors="0" timestamp="2023-11-27T13:02:47 IST" skipped="0">
  <testcase classname="Stepdefination.TC03_IL_Loan_Origination_Flow" name="signUp" time="76.567"/>
</testsuite> <!-- Stepdefination.TC03_IL_Loan_Origination_Flow -->
