<?xml version="1.0" encoding="UTF-8"?>
<!-- Generated by org.testng.reporters.JUnitReportReporter -->
<testsuite hostname="3I-PC0CF90C" failures="0" tests="1" name="Stepdefination.TC01_SignUP_IL_Loan_Origination_Flow" time="67.982" errors="0" timestamp="2023-12-06T13:05:51 IST" skipped="0">
  <testcase classname="Stepdefination.TC01_SignUP_IL_Loan_Origination_Flow" name="signUp" time="67.982"/>
</testsuite> <!-- Stepdefination.TC01_SignUP_IL_Loan_Origination_Flow -->
