<?xml version="1.0" encoding="UTF-8"?>
<!-- Generated by org.testng.reporters.JUnitReportReporter -->
<testsuite hostname="3I-PC0CF90C" failures="0" tests="1" name="Utilities.ExecllData_MoneyMart" time="1.138" errors="0" timestamp="2023-11-27T15:50:16 IST" skipped="0">
  <testcase classname="Utilities.ExecllData_MoneyMart" name="getExcellData" time="1.138"/>
</testsuite> <!-- Utilities.ExecllData_MoneyMart -->
