<?xml version="1.0" encoding="UTF-8"?>
<!-- Generated by org.testng.reporters.JUnitReportReporter -->
<testsuite hostname="3I-PC0CF90C" failures="0" tests="1" name="Stepdefination.TC02_SignIn_With_exsiting_Customer" time="108.827" errors="0" timestamp="2023-12-26T11:50:44 IST" skipped="0">
  <testcase classname="Stepdefination.TC02_SignIn_With_exsiting_Customer" name="signInWithExsitingCustomer" time="108.827"/>
</testsuite> <!-- Stepdefination.TC02_SignIn_With_exsiting_Customer -->
