<?xml version="1.0" encoding="UTF-8"?>
<!-- Generated by org.testng.reporters.JUnitReportReporter -->
<testsuite hostname="3I-PC0CF90C" failures="0" tests="1" name="Stepdefination.TC01_SignUP_IL_Loan_Origination_Flow" time="141.155" errors="0" timestamp="2024-03-02T14:40:50 IST" skipped="0">
  <testcase classname="Stepdefination.TC01_SignUP_IL_Loan_Origination_Flow" name="signUp" time="141.155"/>
</testsuite> <!-- Stepdefination.TC01_SignUP_IL_Loan_Origination_Flow -->
