<?xml version="1.0" encoding="UTF-8"?>
<!-- Generated by org.testng.reporters.JUnitReportReporter -->
<testsuite hostname="3I-PC0CF90C" failures="0" tests="1" name="Stepdefination.TC02_SignIn_With_exsiting_Customer" time="99.910" errors="0" timestamp="2023-12-19T10:51:02 IST" skipped="0">
  <testcase classname="Stepdefination.TC02_SignIn_With_exsiting_Customer" name="signInWithExsitingCustomer" time="99.910"/>
</testsuite> <!-- Stepdefination.TC02_SignIn_With_exsiting_Customer -->
